2022-11-04 12:43:25 INFO     Adding job tentatively -- it will be properly scheduled when the scheduler starts
2022-11-04 12:43:25 DEBUG    Using selector: EpollSelector
2022-11-04 12:43:25 INFO     Added job "itscheckintime" to job store "default"
2022-11-04 12:43:25 INFO     Scheduler started
2022-11-04 12:43:25 DEBUG    Looking for jobs to run
2022-11-04 12:43:25 DEBUG    Next wakeup is due at 2022-11-04 12:48:25.424620+00:00 (in 299.992530 seconds)
2022-11-04 12:43:25 INFO     [31m[1mWARNING: This is a development server. Do not use it in a production deployment. Use a production WSGI server instead.[0m
 * Running on all addresses (0.0.0.0)
 * Running on http://127.0.0.1:8080
 * Running on http://172.18.0.36:8080
2022-11-04 12:43:25 INFO     [33mPress CTRL+C to quit[0m
2022-11-04 12:43:27 DEBUG    Using selector: EpollSelector
2022-11-04 12:43:27 INFO     172.18.0.1 - - [04/Nov/2022 12:43:27] "GET / HTTP/1.1" 200 -
2022-11-04 12:48:25 DEBUG    Looking for jobs to run
2022-11-04 12:48:25 DEBUG    Next wakeup is due at 2022-11-04 12:53:25.424620+00:00 (in 299.898581 seconds)
2022-11-04 12:48:25 INFO     Running job "itscheckintime (trigger: interval[0:05:00], next run at: 2022-11-04 12:53:25 UTC)" (scheduled at 2022-11-04 12:48:25.424620+00:00)
2022-11-04 12:48:25 DEBUG    Starting new HTTPS connection (1): cve.circl.lu:443
2022-11-04 12:48:27 DEBUG    https://cve.circl.lu:443 "GET /api/query HTTP/1.1" 200 302205
2022-11-04 12:48:28 DEBUG    Webhook ID 986872939662163968 with POST https://discord.com/api/v10/webhooks/986872939662163968/yG0j2mYqN0TE7x0_f-i4eagMEy2PsqNGC6Vgzdo22TQ7VERHEvO_74sGCXoSC41GK9zC has returned status code 204
2022-11-04 12:48:28 DEBUG    Webhook ID 986872939662163968 with POST https://discord.com/api/v10/webhooks/986872939662163968/yG0j2mYqN0TE7x0_f-i4eagMEy2PsqNGC6Vgzdo22TQ7VERHEvO_74sGCXoSC41GK9zC has returned status code 204
2022-11-04 12:48:29 DEBUG    Webhook ID 986872939662163968 with POST https://discord.com/api/v10/webhooks/986872939662163968/yG0j2mYqN0TE7x0_f-i4eagMEy2PsqNGC6Vgzdo22TQ7VERHEvO_74sGCXoSC41GK9zC has returned status code 204
2022-11-04 12:48:29 DEBUG    Webhook ID 986872939662163968 with POST https://discord.com/api/v10/webhooks/986872939662163968/yG0j2mYqN0TE7x0_f-i4eagMEy2PsqNGC6Vgzdo22TQ7VERHEvO_74sGCXoSC41GK9zC has returned status code 204
2022-11-04 12:48:29 DEBUG    Webhook ID 986872939662163968 with POST https://discord.com/api/v10/webhooks/986872939662163968/yG0j2mYqN0TE7x0_f-i4eagMEy2PsqNGC6Vgzdo22TQ7VERHEvO_74sGCXoSC41GK9zC has returned status code 204
2022-11-04 12:48:29 DEBUG    Webhook ID 986872939662163968 has exhausted its rate limit bucket (bucket: (986872939662163968, 'yG0j2mYqN0TE7x0_f-i4eagMEy2PsqNGC6Vgzdo22TQ7VERHEvO_74sGCXoSC41GK9zC'), retry: 0.902).
2022-11-04 12:48:30 DEBUG    Webhook ID 986872939662163968 with POST https://discord.com/api/v10/webhooks/986872939662163968/yG0j2mYqN0TE7x0_f-i4eagMEy2PsqNGC6Vgzdo22TQ7VERHEvO_74sGCXoSC41GK9zC has returned status code 204
2022-11-04 12:48:31 DEBUG    Webhook ID 986872939662163968 with POST https://discord.com/api/v10/webhooks/986872939662163968/yG0j2mYqN0TE7x0_f-i4eagMEy2PsqNGC6Vgzdo22TQ7VERHEvO_74sGCXoSC41GK9zC has returned status code 204
2022-11-04 12:48:31 DEBUG    Webhook ID 986872939662163968 with POST https://discord.com/api/v10/webhooks/986872939662163968/yG0j2mYqN0TE7x0_f-i4eagMEy2PsqNGC6Vgzdo22TQ7VERHEvO_74sGCXoSC41GK9zC has returned status code 204
2022-11-04 12:48:31 DEBUG    Webhook ID 986872939662163968 with POST https://discord.com/api/v10/webhooks/986872939662163968/yG0j2mYqN0TE7x0_f-i4eagMEy2PsqNGC6Vgzdo22TQ7VERHEvO_74sGCXoSC41GK9zC has returned status code 204
2022-11-04 12:48:32 DEBUG    Webhook ID 986872939662163968 with POST https://discord.com/api/v10/webhooks/986872939662163968/yG0j2mYqN0TE7x0_f-i4eagMEy2PsqNGC6Vgzdo22TQ7VERHEvO_74sGCXoSC41GK9zC has returned status code 204
2022-11-04 12:48:32 DEBUG    Webhook ID 986872939662163968 has exhausted its rate limit bucket (bucket: (986872939662163968, 'yG0j2mYqN0TE7x0_f-i4eagMEy2PsqNGC6Vgzdo22TQ7VERHEvO_74sGCXoSC41GK9zC'), retry: 0.772).
2022-11-04 12:48:33 DEBUG    Webhook ID 986872939662163968 with POST https://discord.com/api/v10/webhooks/986872939662163968/yG0j2mYqN0TE7x0_f-i4eagMEy2PsqNGC6Vgzdo22TQ7VERHEvO_74sGCXoSC41GK9zC has returned status code 204
2022-11-04 12:48:33 DEBUG    Webhook ID 986872939662163968 with POST https://discord.com/api/v10/webhooks/986872939662163968/yG0j2mYqN0TE7x0_f-i4eagMEy2PsqNGC6Vgzdo22TQ7VERHEvO_74sGCXoSC41GK9zC has returned status code 204
2022-11-04 12:48:33 DEBUG    Webhook ID 986872939662163968 with POST https://discord.com/api/v10/webhooks/986872939662163968/yG0j2mYqN0TE7x0_f-i4eagMEy2PsqNGC6Vgzdo22TQ7VERHEvO_74sGCXoSC41GK9zC has returned status code 204
2022-11-04 12:48:34 DEBUG    Webhook ID 986872939662163968 with POST https://discord.com/api/v10/webhooks/986872939662163968/yG0j2mYqN0TE7x0_f-i4eagMEy2PsqNGC6Vgzdo22TQ7VERHEvO_74sGCXoSC41GK9zC has returned status code 204
2022-11-04 12:48:34 DEBUG    Webhook ID 986872939662163968 with POST https://discord.com/api/v10/webhooks/986872939662163968/yG0j2mYqN0TE7x0_f-i4eagMEy2PsqNGC6Vgzdo22TQ7VERHEvO_74sGCXoSC41GK9zC has returned status code 204
2022-11-04 12:48:34 DEBUG    Webhook ID 986872939662163968 has exhausted its rate limit bucket (bucket: (986872939662163968, 'yG0j2mYqN0TE7x0_f-i4eagMEy2PsqNGC6Vgzdo22TQ7VERHEvO_74sGCXoSC41GK9zC'), retry: 0.614).
2022-11-04 12:48:35 DEBUG    Webhook ID 986872939662163968 with POST https://discord.com/api/v10/webhooks/986872939662163968/yG0j2mYqN0TE7x0_f-i4eagMEy2PsqNGC6Vgzdo22TQ7VERHEvO_74sGCXoSC41GK9zC has returned status code 204
2022-11-04 12:48:35 DEBUG    Webhook ID 986872939662163968 with POST https://discord.com/api/v10/webhooks/986872939662163968/yG0j2mYqN0TE7x0_f-i4eagMEy2PsqNGC6Vgzdo22TQ7VERHEvO_74sGCXoSC41GK9zC has returned status code 204
2022-11-04 12:48:36 DEBUG    Webhook ID 986872939662163968 with POST https://discord.com/api/v10/webhooks/986872939662163968/yG0j2mYqN0TE7x0_f-i4eagMEy2PsqNGC6Vgzdo22TQ7VERHEvO_74sGCXoSC41GK9zC has returned status code 204
2022-11-04 12:48:36 DEBUG    Webhook ID 986872939662163968 with POST https://discord.com/api/v10/webhooks/986872939662163968/yG0j2mYqN0TE7x0_f-i4eagMEy2PsqNGC6Vgzdo22TQ7VERHEvO_74sGCXoSC41GK9zC has returned status code 204
2022-11-04 12:48:36 DEBUG    Webhook ID 986872939662163968 with POST https://discord.com/api/v10/webhooks/986872939662163968/yG0j2mYqN0TE7x0_f-i4eagMEy2PsqNGC6Vgzdo22TQ7VERHEvO_74sGCXoSC41GK9zC has returned status code 204
2022-11-04 12:48:36 DEBUG    Webhook ID 986872939662163968 has exhausted its rate limit bucket (bucket: (986872939662163968, 'yG0j2mYqN0TE7x0_f-i4eagMEy2PsqNGC6Vgzdo22TQ7VERHEvO_74sGCXoSC41GK9zC'), retry: 0.779).
2022-11-04 12:48:37 DEBUG    Webhook ID 986872939662163968 with POST https://discord.com/api/v10/webhooks/986872939662163968/yG0j2mYqN0TE7x0_f-i4eagMEy2PsqNGC6Vgzdo22TQ7VERHEvO_74sGCXoSC41GK9zC has returned status code 204
2022-11-04 12:48:38 DEBUG    Webhook ID 986872939662163968 with POST https://discord.com/api/v10/webhooks/986872939662163968/yG0j2mYqN0TE7x0_f-i4eagMEy2PsqNGC6Vgzdo22TQ7VERHEvO_74sGCXoSC41GK9zC has returned status code 204
2022-11-04 12:48:38 DEBUG    Webhook ID 986872939662163968 with POST https://discord.com/api/v10/webhooks/986872939662163968/yG0j2mYqN0TE7x0_f-i4eagMEy2PsqNGC6Vgzdo22TQ7VERHEvO_74sGCXoSC41GK9zC has returned status code 204
2022-11-04 12:48:38 DEBUG    Webhook ID 986872939662163968 with POST https://discord.com/api/v10/webhooks/986872939662163968/yG0j2mYqN0TE7x0_f-i4eagMEy2PsqNGC6Vgzdo22TQ7VERHEvO_74sGCXoSC41GK9zC has returned status code 204
2022-11-04 12:48:39 DEBUG    Webhook ID 986872939662163968 with POST https://discord.com/api/v10/webhooks/986872939662163968/yG0j2mYqN0TE7x0_f-i4eagMEy2PsqNGC6Vgzdo22TQ7VERHEvO_74sGCXoSC41GK9zC has returned status code 204
2022-11-04 12:48:39 DEBUG    Webhook ID 986872939662163968 has exhausted its rate limit bucket (bucket: (986872939662163968, 'yG0j2mYqN0TE7x0_f-i4eagMEy2PsqNGC6Vgzdo22TQ7VERHEvO_74sGCXoSC41GK9zC'), retry: 0.652).
2022-11-04 12:48:40 DEBUG    Webhook ID 986872939662163968 with POST https://discord.com/api/v10/webhooks/986872939662163968/yG0j2mYqN0TE7x0_f-i4eagMEy2PsqNGC6Vgzdo22TQ7VERHEvO_74sGCXoSC41GK9zC has returned status code 204
2022-11-04 12:48:40 DEBUG    Webhook ID 986872939662163968 with POST https://discord.com/api/v10/webhooks/986872939662163968/yG0j2mYqN0TE7x0_f-i4eagMEy2PsqNGC6Vgzdo22TQ7VERHEvO_74sGCXoSC41GK9zC has returned status code 204
2022-11-04 12:48:40 DEBUG    Webhook ID 986872939662163968 with POST https://discord.com/api/v10/webhooks/986872939662163968/yG0j2mYqN0TE7x0_f-i4eagMEy2PsqNGC6Vgzdo22TQ7VERHEvO_74sGCXoSC41GK9zC has returned status code 204
2022-11-04 12:48:41 DEBUG    Webhook ID 986872939662163968 with POST https://discord.com/api/v10/webhooks/986872939662163968/yG0j2mYqN0TE7x0_f-i4eagMEy2PsqNGC6Vgzdo22TQ7VERHEvO_74sGCXoSC41GK9zC has returned status code 204
2022-11-04 12:48:41 DEBUG    Webhook ID 986872939662163968 with POST https://discord.com/api/v10/webhooks/986872939662163968/yG0j2mYqN0TE7x0_f-i4eagMEy2PsqNGC6Vgzdo22TQ7VERHEvO_74sGCXoSC41GK9zC has returned status code 204
2022-11-04 12:48:41 DEBUG    Webhook ID 986872939662163968 has exhausted its rate limit bucket (bucket: (986872939662163968, 'yG0j2mYqN0TE7x0_f-i4eagMEy2PsqNGC6Vgzdo22TQ7VERHEvO_74sGCXoSC41GK9zC'), retry: 0.849).
2022-11-04 12:48:42 DEBUG    Webhook ID 986872939662163968 with POST https://discord.com/api/v10/webhooks/986872939662163968/yG0j2mYqN0TE7x0_f-i4eagMEy2PsqNGC6Vgzdo22TQ7VERHEvO_74sGCXoSC41GK9zC has returned status code 429
2022-11-04 12:48:42 WARNING  Webhook ID 986872939662163968 is rate limited. Retrying in 46.13 seconds. Handled under the bucket (986872939662163968, 'yG0j2mYqN0TE7x0_f-i4eagMEy2PsqNGC6Vgzdo22TQ7VERHEvO_74sGCXoSC41GK9zC')
Stack (most recent call last):
  File "main.py", line 162, in <module>
    asyncio.get_event_loop().run_forever()
  File "/nix/store/2vm88xw7513h9pyjyafw32cps51b0ia1-python3-3.8.12/lib/python3.8/asyncio/base_events.py", line 570, in run_forever
    self._run_once()
  File "/nix/store/2vm88xw7513h9pyjyafw32cps51b0ia1-python3-3.8.12/lib/python3.8/asyncio/base_events.py", line 1859, in _run_once
    handle._run()
  File "/nix/store/2vm88xw7513h9pyjyafw32cps51b0ia1-python3-3.8.12/lib/python3.8/asyncio/events.py", line 81, in _run
    self._context.run(self._callback, *self._args)
  File "/home/runner/CVEreporter/venv/lib/python3.8/site-packages/apscheduler/executors/base_py3.py", line 30, in run_coroutine_job
    retval = await job.func(*job.args, **job.kwargs)
  File "main.py", line 126, in itscheckintime
    await send_discord_message(cve_message, public_expls_msg)
  File "main.py", line 74, in send_discord_message
    await sendtowebhook(webhookurl=discord_webhok_url, content=message)
  File "main.py", line 82, in sendtowebhook
    await webhook.send(embed=content)
  File "/home/runner/CVEreporter/venv/lib/python3.8/site-packages/discord/webhook/async_.py", line 1726, in send
    data = await adapter.execute_webhook(
  File "/home/runner/CVEreporter/venv/lib/python3.8/site-packages/discord/webhook/async_.py", line 208, in request
    _log.warning(fmt, webhook_id, retry_after, bucket, stack_info=True)
